<?xml version="1.0" encoding="UTF-8"?>
<!-- Generated by org.testng.reporters.JUnitReportReporter -->
<testsuite hostname="Srinivass-MacBook-Pro.local" failures="0" tests="1" name="amazonSearch.OfficeChair" time="103.970" errors="0" timestamp="2024-08-02T18:31:16 IST" skipped="0">
  <testcase classname="amazonSearch.OfficeChair" name="Chair" time="103.970"/>
</testsuite> <!-- amazonSearch.OfficeChair -->
